build/app/outputs/mapping/release/seeds.txt
com.codemobiles.my_qrcode.MainActivity
com.codemobiles.my_qrcode.MainActivity: MainActivity()
...
com.google.android.material.chip.Chip: com.google.android.material.resources.TextAppearance getTextAppearance()
androidx.lifecycle.Lifecycle$Event: androidx.lifecycle.Lifecycle$Event[] $VALUES
androidx.recyclerview.widget.RecyclerView: java.lang.Runnable mUpdateChildViewsRunnable
com.google.android.material.checkbox.MaterialCheckBox
androidx.recyclerview.widget.RecyclerView: boolean shouldDeferAccessibilityEvent(android.view.accessibility.AccessibilityEvent)
androidx.recyclerview.widget.RecyclerView: RecyclerView(android.content.Context,android.util.AttributeSet)
androidx.appcompat.widget.AppCompatButton: void setAutoSizeTextTypeWithDefaults(int)
me.dm7.barcodescanner.core.ViewFinderView: void setBorderStrokeWidth(int)
com.google.android.material.chip.Chip: void setChipBackgroundColorResource(int)
androidx.appcompat.app.AppCompatViewInflater: androidx.appcompat.widget.AppCompatMultiAutoCompleteTextView createMultiAutoCompleteTextView(android.content.Context,android.util.AttributeSet)
com.google.protobuf.GeneratedMessageLite$MethodToInvoke: com.google.protobuf.GeneratedMessageLite$MethodToInvoke valueOf(java.lang.String)
androidx.appcompat.widget.AppCompatTextView: void setAutoSizeTextTypeWithDefaults(int)
com.google.android.material.floatingactionbutton.FloatingActionButton: android.graphics.PorterDuff$Mode getSupportBackgroundTintMode()
io.flutter.embedding.engine.FlutterJNI: void setAccessibilityFeatures(int)
androidx.appcompat.widget.AppCompatImageView: void setImageURI(android.net.Uri)
com.google.android.material.button.MaterialButton: void setIconSize(int)
com.google.android.material.textfield.TextInputLayout
androidx.recyclerview.widget.RecyclerView: void invalidateGlows()
me.dm7.barcodescanner.core.ViewFinderView: android.graphics.Rect getFramingRect()
androidx.vectordrawable.graphics.drawable.VectorDrawableCompat$VGroup: android.graphics.Matrix getLocalMatrix()
com.google.zxing.pdf417.decoder.DecodedBitStreamParser$Mode: com.google.zxing.pdf417.decoder.DecodedBitStreamParser$Mode[] values()
com.google.android.material.appbar.AppBarLayout$Behavior: AppBarLayout$Behavior()
com.google.android.material.textfield.TextInputLayout: void setHelperText(java.lang.CharSequence)
com.google.android.material.snackbar.BaseTransientBottomBar$SnackbarBaseLayout: float getBackgroundOverlayColorAlpha()
androidx.recyclerview.widget.RecyclerView: void postAnimationRunner()
com.google.android.material.chip.Chip: void setChipIconResource(int)
androidx.appcompat.widget.AppCompatImageButton: android.graphics.PorterDuff$Mode getSupportImageTintMode()
com.google.android.material.bottomappbar.BottomAppBar: void setFabCradleRoundedCornerRadius(float)
androidx.recyclerview.widget.RecyclerView: boolean startNestedScroll(int)
android.support.v4.media.MediaBrowserCompat$ItemReceiver
androidx.appcompat.widget.ContentFrameLayout: android.util.TypedValue getFixedHeightMinor()
androidx.recyclerview.widget.RecyclerView: int[] NESTED_SCROLLING_ATTRS
io.flutter.embedding.android.FlutterSplashView$SavedState: android.os.Bundle splashScreenState
androidx.appcompat.widget.ActionBarContextView: int getContentHeight()
androidx.recyclerview.widget.RecyclerView: void onScrolled(int,int)
com.google.android.material.snackbar.BaseTransientBottomBar$SnackbarBaseLayout: int getAnimationMode()
me.dm7.barcodescanner.core.BarcodeScannerView: void setIsBorderCornerRounded(boolean)
com.google.android.material.internal.NavigationMenuItemView: void setIconTintList(android.content.res.ColorStateList)
com.google.android.material.floatingactionbutton.ExtendedFloatingActionButton: com.google.android.material.animation.MotionSpec getShrinkMotionSpec()
com.google.android.material.snackbar.SnackbarContentLayout: android.widget.Button getActionView()
androidx.appcompat.widget.ContentFrameLayout: void setAttachListener(androidx.appcompat.widget.ContentFrameLayout$OnAttachListener)
com.google.android.material.transformation.TransformationChildLayout