build/app/outputs/mapping/release/mapping.txt
# compiler: R8
# compiler_version: 2.1.62
# min_api: 18
# pg_map_id: 560899d
# common_typos_disable
com.codemobiles.my_qrcode.MainActivity -> com.codemobiles.my_qrcode.MainActivity:
    void access$shareFile(com.codemobiles.my_qrcode.MainActivity,java.lang.String) -> h
    void shareFile(java.lang.String) -> i
com.codemobiles.my_qrcode.MainActivity$onCreate$1 -> com.codemobiles.my_qrcode.MainActivity$a:
    com.codemobiles.my_qrcode.MainActivity this$0 -> a
    void onMethodCall(io.flutter.plugin.common.MethodCall,io.flutter.plugin.common.MethodChannel$Result) -> c
...
com.google.zxing.datamatrix.DataMatrixReader -> e.a.d.t.a:
    com.google.zxing.ResultPoint[] NO_POINTS -> b
    com.google.zxing.datamatrix.decoder.Decoder decoder -> a
    com.google.zxing.Result decode(com.google.zxing.BinaryBitmap,java.util.Map) -> a
    void reset() -> b
    com.google.zxing.common.BitMatrix extractPureBits(com.google.zxing.common.BitMatrix) -> c
    int moduleSize(int[],com.google.zxing.common.BitMatrix) -> d
com.google.zxing.datamatrix.decoder.BitMatrixParser -> e.a.d.t.b.a:
    com.google.zxing.common.BitMatrix mappingBitMatrix -> a
    com.google.zxing.common.BitMatrix readMappingMatrix -> b
    com.google.zxing.datamatrix.decoder.Version version -> c
    com.google.zxing.common.BitMatrix extractDataRegion(com.google.zxing.common.BitMatrix) -> a
    com.google.zxing.datamatrix.decoder.Version getVersion() -> b
    byte[] readCodewords() -> c
    int readCorner1(int,int) -> d
    int readCorner2(int,int) -> e
    int readCorner3(int,int) -> f
    int readCorner4(int,int) -> g
    boolean readModule(int,int,int,int) -> h
    int readUtah(int,int,int,int) -> i
    com.google.zxing.datamatrix.decoder.Version readVersion(com.google.zxing.common.BitMatrix) -> j
com.google.zxing.datamatrix.decoder.DataBlock -> e.a.d.t.b.b:
    byte[] codewords -> b
    int numDataCodewords -> a
    byte[] getCodewords() -> a
    com.google.zxing.datamatrix.decoder.DataBlock[] getDataBlocks(byte[],com.google.zxing.datamatrix.decoder.Version) -> b
    int getNumDataCodewords() -> c
com.google.zxing.datamatrix.decoder.DecodedBitStreamParser -> e.a.d.t.b.c:
    char[] C40_BASIC_SET_CHARS -> a
    char[] C40_SHIFT2_SET_CHARS -> b
    char[] TEXT_BASIC_SET_CHARS -> c
    char[] TEXT_SHIFT2_SET_CHARS -> d
    char[] TEXT_SHIFT3_SET_CHARS -> e
    com.google.zxing.common.DecoderResult decode(byte[]) -> a
    void decodeAnsiX12Segment(com.google.zxing.common.BitSource,java.lang.StringBuilder) -> b
    com.google.zxing.datamatrix.decoder.DecodedBitStreamParser$Mode decodeAsciiSegment(com.google.zxing.common.BitSource,java.lang.StringBuilder,java.lang.StringBuilder) -> c
    void decodeBase256Segment(com.google.zxing.common.BitSource,java.lang.StringBuilder,java.util.Collection) -> d
    void decodeC40Segment(com.google.zxing.common.BitSource,java.lang.StringBuilder) -> e
    void decodeEdifactSegment(com.google.zxing.common.BitSource,java.lang.StringBuilder) -> f
    void decodeTextSegment(com.google.zxing.common.BitSource,java.lang.StringBuilder) -> g
    void parseTwoBytes(int,int,int[]) -> h
    int unrandomize255State(int,int) -> i
com.google.zxing.datamatrix.decoder.DecodedBitStreamParser$1 -> e.a.d.t.b.c$a:
    int[] $SwitchMap$com$google$zxing$datamatrix$decoder$DecodedBitStreamParser$Mode -> a
com.google.zxing.datamatrix.decoder.DecodedBitStreamParser$Mode -> e.a.d.t.b.c$b:
    com.google.zxing.datamatrix.decoder.DecodedBitStreamParser$Mode EDIFACT_ENCODE -> g
    com.google.zxing.datamatrix.decoder.DecodedBitStreamParser$Mode BASE256_ENCODE -> h
    com.google.zxing.datamatrix.decoder.DecodedBitStreamParser$Mode[] $VALUES -> i
    com.google.zxing.datamatrix.decoder.DecodedBitStreamParser$Mode PAD_ENCODE -> b
    com.google.zxing.datamatrix.decoder.DecodedBitStreamParser$Mode ASCII_ENCODE -> c
    com.google.zxing.datamatrix.decoder.DecodedBitStreamParser$Mode C40_ENCODE -> d
    com.google.zxing.datamatrix.decoder.DecodedBitStreamParser$Mode TEXT_ENCODE -> e
    com.google.zxing.datamatrix.decoder.DecodedBitStreamParser$Mode ANSIX12_ENCODE -> f
com.google.zxing.datamatrix.decoder.Decoder -> e.a.d.t.b.d:
    com.google.zxing.common.reedsolomon.ReedSolomonDecoder rsDecoder -> a
    void correctErrors(byte[],int) -> a
    com.google.zxing.common.DecoderResult decode(com.google.zxing.common.BitMatrix) -> b