build/app/outputs/mapping/release/usage.txt
com.codemobiles.my_qrcode.R$interpolator
com.codemobiles.my_qrcode.R$xml
com.codemobiles.my_qrcode.R$mipmap
com.codemobiles.my_qrcode.R
com.codemobiles.my_qrcode.BuildConfig
com.codemobiles.my_qrcode.R$attr
com.codemobiles.my_qrcode.R$style
com.codemobiles.my_qrcode.R$layout
com.codemobiles.my_qrcode.R$integer
com.codemobiles.my_qrcode.R$bool
com.codemobiles.my_qrcode.R$plurals
com.codemobiles.my_qrcode.R$styleable
com.codemobiles.my_qrcode.R$string
com.codemobiles.my_qrcode.R$color
com.codemobiles.my_qrcode.R$drawable
com.codemobiles.my_qrcode.R$id
com.codemobiles.my_qrcode.R$animator
com.codemobiles.my_qrcode.R$dimen
com.codemobiles.my_qrcode.R$anim
...
androidx.core.app.NotificationCompat$DecoratedCustomViewStyle
com.google.common.collect.CollectPreconditions
kotlin.internal.AccessibleLateinitPropertyLiteral
kotlin.jvm.internal.ShortSpreadBuilder
androidx.recyclerview.widget.AsyncListUtil$2
androidx.recyclerview.widget.AsyncDifferConfig$Builder
com.google.common.hash.Hashing$ChecksumType$2
com.google.zxing.datamatrix.encoder.SymbolInfo
androidx.transition.ChangeTransform$2
com.google.common.collect.MapMakerInternalMap$EntrySet
io.flutter.embedding.engine.systemchannels.SystemChannel:
    private static final java.lang.String TAG
androidx.transition.GhostView
com.google.common.collect.ImmutableSet$SerializedForm
androidx.lifecycle.Lifecycling$1:
    void <init>(androidx.lifecycle.LifecycleEventObserver)
androidx.vectordrawable.graphics.drawable.Animatable2Compat$AnimationCallback
com.google.android.material.snackbar.BaseTransientBottomBar$11
kotlin.reflect.WildcardTypeImpl$Companion
com.google.common.collect.ImmutableList$ReverseImmutableList
androidx.core.content.ContextCompat$MainHandlerExecutor
androidx.core.view.accessibility.AccessibilityViewCommand$SetTextArguments:
    public java.lang.CharSequence getText()
com.google.common.escape.Escapers$2
androidx.core.view.ViewConfigurationCompat:
    public static int getScaledPagingTouchSlop(android.view.ViewConfiguration)
    public static boolean hasPermanentMenuKey(android.view.ViewConfiguration)
    private void <init>()
    private static final java.lang.String TAG
kotlin.reflect.KType
com.google.common.collect.LinkedHashMultimap
com.google.common.util.concurrent.CheckedFuture
com.google.common.collect.Lists$StringAsImmutableList
com.google.zxing.oned.UPCEANReader:
    private static final float MAX_AVG_VARIANCE
    private static final float MAX_INDIVIDUAL_VARIANCE
androidx.transition.Slide$1
androidx.annotation.DimenRes
com.google.common.collect.MapMakerInternalMap$EntryIterator
androidx.fragment.R$layout
androidx.core.app.NotificationCompat$MessagingStyle
kotlin.sequences.SequencesKt___SequencesKt$onEachIndexed$1
com.google.common.graph.ConfigurableNetwork
androidx.appcompat.app.ActionBar$LayoutParams:
    public void <init>(int,int,int)
    public void <init>(int)
com.google.common.collect.ForwardingMap$StandardEntrySet
com.google.zxing.qrcode.encoder.ByteMatrix
androidx.recyclerview.widget.SnapHelper:
    static final float MILLISECONDS_PER_INCH
com.google.common.collect.ImmutableSortedMap$Builder
kotlin.jvm.internal.AdaptedFunctionReference
com.google.common.collect.Maps$NavigableAsMapView
com.google.common.collect.AbstractMapBasedMultimap$WrappedNavigableSet
com.google.common.cache.Striped64$1
com.google.android.material.animation.AnimationUtils:
    public void <init>()
    public static int lerp(int,int,float)
com.google.common.base.Joiner$1
com.google.common.collect.Maps$1
com.google.common.cache.LocalCache$WeightedStrongValueReference
com.google.common.base.MoreObjects$1
com.google.common.util.concurrent.Striped
com.google.zxing.oned.EAN13Writer